GET / 304 536.166
GET /css/jumbotron-narrow.css 304 4.520
GET /css/base.css 304 4.183
GET /bower_components/bootstrap/dist/css/bootstrap.min.css 304 6.249
GET /bower_components/angular/angular.min.js 304 6.597
GET /bower_components/angular-route/angular-route.min.js 304 7.076
GET /bower_components/jquery/dist/jquery.min.js 304 2.380
GET /bower_components/bootstrap/dist/js/bootstrap.min.js 304 3.194
GET /js/src/main.js 304 1.006
GET /js/src/routes.js 304 2.042
GET /js/src/services/api.js 304 2.004
GET /js/src/services/yelp.js 304 1.961
GET /js/src/controllers/nav.js 304 2.533
GET /js/src/services/gMaps.js 304 2.534
GET /js/src/services/insta.js 304 2.160
GET /js/src/controllers/getFood.js 304 2.306
GET /js/src/controllers/home.js 304 1.821
GET /js/src/controllers/viewRestaurant.js 304 1.691
GET /partials/home.jade 304 7.204
GET / 304 461.724
GET /css/jumbotron-narrow.css 304 2.833
GET /bower_components/bootstrap/dist/css/bootstrap.min.css 304 8.613
GET /css/base.css 304 3.988
GET /bower_components/angular/angular.min.js 304 4.771
GET /bower_components/angular-route/angular-route.min.js 304 4.159
GET /bower_components/jquery/dist/jquery.min.js 304 0.697
GET /bower_components/bootstrap/dist/js/bootstrap.min.js 304 1.316
GET /js/src/main.js 304 2.840
GET /js/src/routes.js 304 3.376
GET /js/src/services/api.js 304 3.013
GET /js/src/services/yelp.js 304 3.077
GET /js/src/services/insta.js 304 3.054
GET /js/src/controllers/nav.js 304 3.063
GET /js/src/services/gMaps.js 304 0.293
GET /js/src/controllers/getFood.js 304 1.286
GET /js/src/controllers/viewRestaurant.js 304 0.895
GET /js/src/controllers/home.js 304 0.934
GET /partials/home.jade 304 9.314
GET / 304 468.482
GET /css/jumbotron-narrow.css 304 3.889
GET /css/base.css 304 5.005
GET /bower_components/bootstrap/dist/css/bootstrap.min.css 304 10.528
GET /bower_components/angular/angular.min.js 304 4.516
GET /js/src/main.js 304 1.821
GET /bower_components/angular-route/angular-route.min.js 304 5.151
GET /bower_components/jquery/dist/jquery.min.js 304 5.634
GET /bower_components/bootstrap/dist/js/bootstrap.min.js 304 4.520
GET /js/src/routes.js 304 1.176
GET /js/src/services/api.js 304 0.860
GET /js/src/services/yelp.js 304 0.298
GET /js/src/services/gMaps.js 304 2.096
GET /js/src/services/insta.js 304 1.973
GET /js/src/controllers/nav.js 304 1.913
GET /js/src/controllers/home.js 304 1.802
GET /js/src/controllers/getFood.js 304 1.347
GET /js/src/controllers/viewRestaurant.js 304 0.444
GET /partials/home.jade 304 7.969
GET /api/insta/show - -
GET / 304 486.400
GET /css/jumbotron-narrow.css 304 2.255
GET /bower_components/bootstrap/dist/css/bootstrap.min.css 304 8.361
GET /css/base.css 304 1.267
GET /bower_components/angular/angular.min.js 304 2.099
GET /bower_components/angular-route/angular-route.min.js 304 3.029
GET /bower_components/jquery/dist/jquery.min.js 304 2.924
GET /js/src/main.js 304 1.788
GET /js/src/routes.js 304 2.120
GET /bower_components/bootstrap/dist/js/bootstrap.min.js 304 3.831
GET /js/src/services/api.js 304 1.357
GET /js/src/services/yelp.js 304 0.790
GET /js/src/services/gMaps.js 304 0.980
GET /js/src/services/insta.js 304 1.076
GET /js/src/controllers/nav.js 304 2.308
GET /js/src/controllers/home.js 304 2.343
GET /js/src/controllers/getFood.js 304 1.483
GET /js/src/controllers/viewRestaurant.js 304 1.482
GET /partials/home.jade 304 15.454
GET /api/insta/show 200 352.306
GET / 304 486.110
GET /css/jumbotron-narrow.css 304 2.233
GET /bower_components/bootstrap/dist/css/bootstrap.min.css 304 4.759
GET /css/base.css 304 2.860
GET /js/src/routes.js 304 1.753
GET /bower_components/angular/angular.min.js 304 3.976
GET /bower_components/bootstrap/dist/js/bootstrap.min.js 304 5.122
GET /bower_components/angular-route/angular-route.min.js 304 5.115
GET /bower_components/jquery/dist/jquery.min.js 304 5.787
GET /js/src/main.js 304 0.645
GET /js/src/services/yelp.js 304 0.584
GET /js/src/services/api.js 304 2.348
GET /js/src/services/gMaps.js 304 2.326
GET /js/src/services/insta.js 304 1.918
GET /js/src/controllers/nav.js 304 1.869
GET /js/src/controllers/getFood.js 304 1.862
GET /js/src/controllers/home.js 304 0.767
GET /js/src/controllers/viewRestaurant.js 304 0.443
GET /partials/home.jade 304 6.055
GET /api/insta/show 304 772.353
GET /api/insta/show 304 602.718
GET / 304 446.742
GET /css/jumbotron-narrow.css 304 2.424
GET /bower_components/bootstrap/dist/css/bootstrap.min.css 304 5.084
GET /css/base.css 304 2.490
GET /js/src/main.js 304 1.592
GET /bower_components/angular/angular.min.js 304 3.510
GET /bower_components/angular-route/angular-route.min.js 304 3.923
GET /bower_components/jquery/dist/jquery.min.js 304 3.880
GET /bower_components/bootstrap/dist/js/bootstrap.min.js 304 3.871
GET /js/src/routes.js 304 0.614
GET /js/src/services/api.js 304 1.653
GET /js/src/services/yelp.js 304 1.702
GET /js/src/services/gMaps.js 304 1.648
GET /js/src/services/insta.js 304 2.018
GET /js/src/controllers/nav.js 304 0.629
GET /js/src/controllers/home.js 304 0.881
GET /js/src/controllers/getFood.js 304 0.827
GET /js/src/controllers/viewRestaurant.js 304 0.982
GET /partials/home.jade 304 8.783
GET /api/insta/show 304 417.151
GET /api/insta/show 304 473.378
GET / 304 481.767
GET /bower_components/bootstrap/dist/css/bootstrap.min.css 304 3.784
GET /css/jumbotron-narrow.css 304 1.846
GET /css/base.css 304 1.714
GET /bower_components/angular/angular.min.js 304 6.172
GET /bower_components/angular-route/angular-route.min.js 304 4.982
GET /bower_components/jquery/dist/jquery.min.js 304 3.281
GET /bower_components/bootstrap/dist/js/bootstrap.min.js 304 3.218
GET /js/src/main.js 304 2.541
GET /js/src/routes.js 304 2.375
GET /js/src/services/api.js 304 1.967
GET /js/src/services/yelp.js 304 1.928
GET /js/src/services/gMaps.js 304 2.460
GET /js/src/services/insta.js 304 2.868
GET /js/src/controllers/nav.js 304 0.348
GET /js/src/controllers/home.js 304 1.170
GET /js/src/controllers/getFood.js 304 0.856
GET /js/src/controllers/viewRestaurant.js 304 0.898
GET /partials/home.jade 304 7.962
GET /api/insta/show 304 519.487
GET / 304 467.938
GET /css/jumbotron-narrow.css 304 3.551
GET /css/base.css 304 4.269
GET /bower_components/bootstrap/dist/css/bootstrap.min.css 304 9.523
GET /bower_components/angular/angular.min.js 304 6.996
GET /bower_components/angular-route/angular-route.min.js 304 4.318
GET /js/src/main.js 304 2.311
GET /js/src/routes.js 304 1.803
GET /js/src/services/api.js 304 1.397
GET /bower_components/bootstrap/dist/js/bootstrap.min.js 304 3.467
GET /bower_components/jquery/dist/jquery.min.js 304 4.228
GET /js/src/services/yelp.js 304 0.526
GET /js/src/services/gMaps.js 304 2.593
GET /js/src/services/insta.js 304 2.476
GET /js/src/controllers/nav.js 304 2.680
GET /js/src/controllers/home.js 304 2.282
GET /js/src/controllers/getFood.js 304 1.905
GET /js/src/controllers/viewRestaurant.js 304 1.896
GET /partials/home.jade 304 14.668
GET /api/insta/show 304 4585.971
GET / 304 458.494
GET /css/jumbotron-narrow.css 304 4.452
GET /css/base.css 304 5.200
GET /bower_components/bootstrap/dist/css/bootstrap.min.css 304 8.440
GET /bower_components/angular/angular.min.js 304 6.933
GET /bower_components/angular-route/angular-route.min.js 304 6.912
GET /bower_components/jquery/dist/jquery.min.js 304 6.852
GET /js/src/main.js 304 0.897
GET /js/src/routes.js 304 1.229
GET /bower_components/bootstrap/dist/js/bootstrap.min.js 304 2.240
GET /js/src/services/api.js 304 0.549
GET /js/src/services/yelp.js 304 0.546
GET /js/src/services/gMaps.js 304 0.321
GET /js/src/services/insta.js 304 1.327
GET /js/src/controllers/home.js 304 1.450
GET /js/src/controllers/viewRestaurant.js 304 1.388
GET /js/src/controllers/nav.js 304 1.104
GET /js/src/controllers/getFood.js 304 1.158
GET /partials/home.jade 304 19.313
GET /api/insta/show 304 433.665
GET / 304 436.821
GET /css/jumbotron-narrow.css 304 5.936
GET /css/base.css 304 6.824
GET /bower_components/bootstrap/dist/css/bootstrap.min.css 304 10.540
GET /bower_components/angular/angular.min.js 304 8.132
GET /bower_components/angular-route/angular-route.min.js 304 8.056
GET /bower_components/jquery/dist/jquery.min.js 304 8.203
GET /bower_components/bootstrap/dist/js/bootstrap.min.js 304 0.586
GET /js/src/main.js 304 3.730
GET /js/src/services/yelp.js 304 4.228
GET /js/src/services/gMaps.js 304 3.382
GET /js/src/routes.js 304 3.051
GET /js/src/services/api.js 304 3.291
GET /js/src/services/insta.js 304 3.290
GET /js/src/controllers/nav.js 304 0.317
GET /js/src/controllers/home.js 304 0.308
GET /js/src/controllers/getFood.js 304 0.469
GET /js/src/controllers/viewRestaurant.js 304 0.489
GET /partials/home.jade 304 7.680
GET /yelp/search 404 2.577
GET / 304 479.322
GET /css/jumbotron-narrow.css 304 2.610
GET /css/base.css 304 3.242
GET /bower_components/bootstrap/dist/css/bootstrap.min.css 304 5.968
GET /bower_components/angular/angular.min.js 304 2.813
GET /bower_components/angular-route/angular-route.min.js 304 2.780
GET /bower_components/jquery/dist/jquery.min.js 304 2.838
GET /bower_components/bootstrap/dist/js/bootstrap.min.js 304 2.846
GET /js/src/main.js 304 1.783
GET /js/src/routes.js 304 1.930
GET /js/src/services/api.js 304 2.421
GET /js/src/services/yelp.js 304 2.593
GET /js/src/services/gMaps.js 304 2.472
GET /js/src/services/insta.js 304 2.459
GET /js/src/controllers/nav.js 304 0.429
GET /js/src/controllers/home.js 304 1.561
GET /js/src/controllers/getFood.js 304 1.039
GET /js/src/controllers/viewRestaurant.js 304 1.019
GET /bower_components/jquery/dist/jquery.min.js 304 0.860
GET /partials/home.jade 304 7.313
GET /api/yelp/search 200 1283.969
GET / 304 434.020
GET /bower_components/bootstrap/dist/css/bootstrap.min.css 304 3.964
GET /css/jumbotron-narrow.css 304 0.692
GET /css/base.css 304 2.222
GET /js/src/main.js 304 1.927
GET /bower_components/angular/angular.min.js 304 3.992
GET /bower_components/angular-route/angular-route.min.js 304 4.075
GET /bower_components/jquery/dist/jquery.min.js 304 3.976
GET /bower_components/bootstrap/dist/js/bootstrap.min.js 304 4.043
GET /js/src/services/api.js 304 20.622
GET /js/src/services/yelp.js 304 15.193
GET /js/src/services/gMaps.js 304 1.917
GET /js/src/services/insta.js 304 2.379
GET /js/src/controllers/nav.js 304 2.409
GET /js/src/routes.js 304 24.194
GET /js/src/controllers/home.js 304 1.493
GET /js/src/controllers/getFood.js 304 1.508
GET /js/src/controllers/viewRestaurant.js 304 1.698
GET /partials/home.jade 304 15.195
GET /api/yelp/search 304 314.202
GET /api/yelp/search 304 235.211
GET / 304 541.812
GET /css/jumbotron-narrow.css 304 5.153
GET /css/base.css 304 5.922
GET /bower_components/bootstrap/dist/css/bootstrap.min.css 304 9.130
GET /bower_components/angular/angular.min.js 304 7.724
GET /bower_components/angular-route/angular-route.min.js 304 7.636
GET /bower_components/jquery/dist/jquery.min.js 304 7.742
GET /js/src/main.js 304 0.652
GET /bower_components/bootstrap/dist/js/bootstrap.min.js 304 1.428
GET /js/src/routes.js 304 0.366
GET /js/src/services/api.js 304 0.541
GET /js/src/services/yelp.js 304 0.524
GET /js/src/services/gMaps.js 304 0.356
GET /js/src/services/insta.js 304 0.307
GET /js/src/controllers/nav.js 304 1.025
GET /js/src/controllers/home.js 304 1.278
GET /js/src/controllers/getFood.js 304 0.484
GET /js/src/controllers/viewRestaurant.js 304 0.573
GET /partials/home.jade 304 17.442
GET /api/yelp/search 304 697.567
GET / 304 507.532
GET /css/jumbotron-narrow.css 304 5.916
GET /css/base.css 304 7.060
GET /bower_components/bootstrap/dist/css/bootstrap.min.css 304 10.662
GET /bower_components/angular/angular.min.js 304 8.600
GET /bower_components/angular-route/angular-route.min.js 304 8.581
GET /bower_components/jquery/dist/jquery.min.js 304 6.727
GET /js/src/main.js 304 0.532
GET /bower_components/bootstrap/dist/js/bootstrap.min.js 304 1.238
GET /js/src/routes.js 304 1.264
GET /js/src/services/api.js 304 1.152
GET /js/src/services/yelp.js 304 1.460
GET /js/src/services/gMaps.js 304 2.973
GET /js/src/services/insta.js 304 1.841
GET /js/src/controllers/nav.js 304 1.771
GET /js/src/controllers/home.js 304 0.337
GET /js/src/controllers/getFood.js 304 1.598
GET /js/src/controllers/viewRestaurant.js 304 0.427
GET /partials/home.jade 304 16.786
GET /api/yelp/search 304 125.694
GET / 304 469.755
GET /css/jumbotron-narrow.css 304 5.157
GET /css/base.css 304 5.798
GET /bower_components/bootstrap/dist/css/bootstrap.min.css 304 9.391
GET /bower_components/angular/angular.min.js 304 11.416
GET /bower_components/angular-route/angular-route.min.js 304 11.488
GET /bower_components/jquery/dist/jquery.min.js 304 11.491
GET /js/src/main.js 304 0.778
GET /bower_components/bootstrap/dist/js/bootstrap.min.js 304 7.390
GET /js/src/routes.js 304 0.350
GET /js/src/services/api.js 304 0.281
GET /js/src/services/yelp.js 304 0.298
GET /js/src/services/gMaps.js 304 0.945
GET /js/src/services/insta.js 304 0.971
GET /js/src/controllers/nav.js 304 0.286
GET /js/src/controllers/home.js 304 0.351
GET /js/src/controllers/getFood.js 304 0.624
GET /js/src/controllers/viewRestaurant.js 304 0.886
GET /partials/home.jade 304 17.513
GET /api/yelp/search 304 166.984
GET /api/insta/show 304 89.126
GET /api/insta/show 304 60.824
